The system is: Windows - 10.0.18362 - AMD64
Compiling the C compiler identification source file "CMakeCCompilerId.c" succeeded.
Compiler: C:/MinGW/bin/gcc.exe 
Build flags: 
Id flags:  

The output was:
0


Compilation of the C compiler identification source "CMakeCCompilerId.c" produced "a.exe"

Compiling the C compiler identification source file "CMakeCCompilerId.c" succeeded.
Compiler: C:/MinGW/bin/gcc.exe 
Build flags: 
Id flags: -c 

The output was:
0


Compilation of the C compiler identification source "CMakeCCompilerId.c" produced "CMakeCCompilerId.o"

The C compiler identification is GNU, found in "C:/Users/Johnny.VACA-JARAMILL/CLionProjects/grades/cmake-build-debug/CMakeFiles/3.16.5/CompilerIdC/CMakeCCompilerId.o"

Determining if the C compiler works passed with the following output:
Change Dir: C:/Users/Johnny.VACA-JARAMILL/CLionProjects/grades/cmake-build-debug/CMakeFiles/CMakeTmp

Run Build Command(s):C:/MinGW/bin/mingw32-make.exe cmTC_f15af/fast && C:/MinGW/bin/mingw32-make.exe -f CMakeFiles\cmTC_f15af.dir\build.make CMakeFiles/cmTC_f15af.dir/build
mingw32-make.exe[1]: Entering directory 'C:/Users/Johnny.VACA-JARAMILL/CLionProjects/grades/cmake-build-debug/CMakeFiles/CMakeTmp'
Building C object CMakeFiles/cmTC_f15af.dir/testCCompiler.c.obj
C:\MinGW\bin\gcc.exe    -o CMakeFiles\cmTC_f15af.dir\testCCompiler.c.obj   -c C:\Users\Johnny.VACA-JARAMILL\CLionProjects\grades\cmake-build-debug\CMakeFiles\CMakeTmp\testCCompiler.c
Linking C executable cmTC_f15af.exe
"C:\Program Files\JetBrains\CLion 2020.1\bin\cmake\win\bin\cmake.exe" -E cmake_link_script CMakeFiles\cmTC_f15af.dir\link.txt --verbose=1
"C:\Program Files\JetBrains\CLion 2020.1\bin\cmake\win\bin\cmake.exe" -E remove -f CMakeFiles\cmTC_f15af.dir/objects.a
C:\MinGW\bin\ar.exe cr CMakeFiles\cmTC_f15af.dir/objects.a @CMakeFiles\cmTC_f15af.dir\objects1.rsp
C:\MinGW\bin\gcc.exe      -Wl,--whole-archive CMakeFiles\cmTC_f15af.dir/objects.a -Wl,--no-whole-archive  -o cmTC_f15af.exe -Wl,--out-implib,libcmTC_f15af.dll.a -Wl,--major-image-version,0,--minor-image-version,0 @CMakeFiles\cmTC_f15af.dir\linklibs.rsp
mingw32-make.exe[1]: Leaving directory 'C:/Users/Johnny.VACA-JARAMILL/CLionProjects/grades/cmake-build-debug/CMakeFiles/CMakeTmp'



